<?xml version="1.0" encoding="UTF-8"?>
<!-- Generated by org.testng.reporters.JUnitXMLReporter -->
<testsuite ignored="11" hostname="DESKTOP-5RTH0OK" failures="0" tests="1" name="Default test" time="15.264" errors="0" timestamp="2026-02-25T00:52:53 EET">
  <testcase classname="MyTestCase.CodeBoxTest" name="Calender" time="7.481"/>
  <testcase classname="MyTestCase.CodeBoxTest" name="HideAndShow" time="0.0">
    <ignored/>
  </testcase> <!-- HideAndShow -->
  <testcase classname="MyTestCase.CodeBoxTest" name="TheTable" time="0.0">
    <ignored/>
  </testcase> <!-- TheTable -->
  <testcase classname="MyTestCase.CodeBoxTest" name="DropDown" time="0.0">
    <ignored/>
  </testcase> <!-- DropDown -->
  <testcase classname="MyTestCase.CodeBoxTest" name="RadioButton" time="0.0">
    <ignored/>
  </testcase> <!-- RadioButton -->
  <testcase classname="MyTestCase.CodeBoxTest" name="EnabledAndDisabled" time="0.0">
    <ignored/>
  </testcase> <!-- EnabledAndDisabled -->
  <testcase classname="MyTestCase.CodeBoxTest" name="PrintCountries" time="0.0">
    <ignored/>
  </testcase> <!-- PrintCountries -->
  <testcase classname="MyTestCase.CodeBoxTest" name="CheckBoxSelect" time="0.0">
    <ignored/>
  </testcase> <!-- CheckBoxSelect -->
  <testcase classname="MyTestCase.CodeBoxTest" name="MouseHover" time="0.0">
    <ignored/>
  </testcase> <!-- MouseHover -->
  <testcase classname="MyTestCase.CodeBoxTest" name="OpenWindow" time="0.0">
    <ignored/>
  </testcase> <!-- OpenWindow -->
  <testcase classname="MyTestCase.CodeBoxTest" name="AlertAndConfirm" time="0.0">
    <ignored/>
  </testcase> <!-- AlertAndConfirm -->
  <testcase classname="MyTestCase.CodeBoxTest" name="NewTab" time="0.0">
    <ignored/>
  </testcase> <!-- NewTab -->
</testsuite> <!-- Default test -->
