<?xml version="1.0" encoding="UTF-8"?>
<!-- Generated by org.testng.reporters.JUnitXMLReporter -->
<testsuite ignored="7" hostname="DESKTOP-5RTH0OK" failures="0" tests="1" name="Default test" time="23.374" errors="0" timestamp="2026-02-23T00:07:18 EET">
  <testcase classname="MyTestCase.CodeBoxTest" name="TheTable" time="0.443"/>
  <testcase classname="MyTestCase.CodeBoxTest" name="CheckBoxSelect" time="0.0">
    <ignored/>
  </testcase> <!-- CheckBoxSelect -->
  <testcase classname="MyTestCase.CodeBoxTest" name="RadioButton" time="0.0">
    <ignored/>
  </testcase> <!-- RadioButton -->
  <testcase classname="MyTestCase.CodeBoxTest" name="OpenWindow" time="0.0">
    <ignored/>
  </testcase> <!-- OpenWindow -->
  <testcase classname="MyTestCase.CodeBoxTest" name="PrintCountries" time="0.0">
    <ignored/>
  </testcase> <!-- PrintCountries -->
  <testcase classname="MyTestCase.CodeBoxTest" name="NewTab" time="0.0">
    <ignored/>
  </testcase> <!-- NewTab -->
  <testcase classname="MyTestCase.CodeBoxTest" name="DropDown" time="0.0">
    <ignored/>
  </testcase> <!-- DropDown -->
  <testcase classname="MyTestCase.CodeBoxTest" name="AlertAndConfirm" time="0.0">
    <ignored/>
  </testcase> <!-- AlertAndConfirm -->
</testsuite> <!-- Default test -->
