<?xml version="1.0" encoding="UTF-8"?>
<!-- Generated by org.testng.reporters.JUnitReportReporter -->
<testsuite hostname="DESKTOP-5RTH0OK" failures="0" tests="8" name="MyTestCase.CodeBoxTest" time="0.443" errors="0" timestamp="2026-02-23T00:07:18 EET" skipped="7">
  <testcase classname="MyTestCase.CodeBoxTest" name="TheTable" time="0.443"/>
  <testcase classname="MyTestCase.CodeBoxTest" name="CheckBoxSelect">
    <skipped/>
  </testcase> <!-- CheckBoxSelect -->
  <testcase classname="MyTestCase.CodeBoxTest" name="RadioButton">
    <skipped/>
  </testcase> <!-- RadioButton -->
  <testcase classname="MyTestCase.CodeBoxTest" name="OpenWindow">
    <skipped/>
  </testcase> <!-- OpenWindow -->
  <testcase classname="MyTestCase.CodeBoxTest" name="PrintCountries">
    <skipped/>
  </testcase> <!-- PrintCountries -->
  <testcase classname="MyTestCase.CodeBoxTest" name="NewTab">
    <skipped/>
  </testcase> <!-- NewTab -->
  <testcase classname="MyTestCase.CodeBoxTest" name="DropDown">
    <skipped/>
  </testcase> <!-- DropDown -->
  <testcase classname="MyTestCase.CodeBoxTest" name="AlertAndConfirm">
    <skipped/>
  </testcase> <!-- AlertAndConfirm -->
</testsuite> <!-- MyTestCase.CodeBoxTest -->
