<?xml version="1.0" encoding="UTF-8"?>
<!-- Generated by org.testng.reporters.JUnitReportReporter -->
<testsuite hostname="DESKTOP-5RTH0OK" failures="0" tests="12" name="MyTestCase.CodeBoxTest" time="7.481" errors="0" timestamp="2026-02-25T00:52:53 EET" skipped="11">
  <testcase classname="MyTestCase.CodeBoxTest" name="Calender" time="7.481"/>
  <testcase classname="MyTestCase.CodeBoxTest" name="HideAndShow">
    <skipped/>
  </testcase> <!-- HideAndShow -->
  <testcase classname="MyTestCase.CodeBoxTest" name="TheTable">
    <skipped/>
  </testcase> <!-- TheTable -->
  <testcase classname="MyTestCase.CodeBoxTest" name="DropDown">
    <skipped/>
  </testcase> <!-- DropDown -->
  <testcase classname="MyTestCase.CodeBoxTest" name="RadioButton">
    <skipped/>
  </testcase> <!-- RadioButton -->
  <testcase classname="MyTestCase.CodeBoxTest" name="EnabledAndDisabled">
    <skipped/>
  </testcase> <!-- EnabledAndDisabled -->
  <testcase classname="MyTestCase.CodeBoxTest" name="PrintCountries">
    <skipped/>
  </testcase> <!-- PrintCountries -->
  <testcase classname="MyTestCase.CodeBoxTest" name="CheckBoxSelect">
    <skipped/>
  </testcase> <!-- CheckBoxSelect -->
  <testcase classname="MyTestCase.CodeBoxTest" name="MouseHover">
    <skipped/>
  </testcase> <!-- MouseHover -->
  <testcase classname="MyTestCase.CodeBoxTest" name="OpenWindow">
    <skipped/>
  </testcase> <!-- OpenWindow -->
  <testcase classname="MyTestCase.CodeBoxTest" name="AlertAndConfirm">
    <skipped/>
  </testcase> <!-- AlertAndConfirm -->
  <testcase classname="MyTestCase.CodeBoxTest" name="NewTab">
    <skipped/>
  </testcase> <!-- NewTab -->
</testsuite> <!-- MyTestCase.CodeBoxTest -->
